[debug] [2018-12-30T03:12:24.408Z] ----------------------------------------------------------------------
[debug] [2018-12-30T03:12:24.410Z] Command:       /usr/local/bin/node /usr/local/bin/firebase functions:shell
[debug] [2018-12-30T03:12:24.410Z] CLI Version:   6.2.2
[debug] [2018-12-30T03:12:24.410Z] Platform:      darwin
[debug] [2018-12-30T03:12:24.410Z] Node Version:  v10.15.0
[debug] [2018-12-30T03:12:24.411Z] Time:          Sat Dec 29 2018 22:12:24 GMT-0500 (Eastern Standard Time)
[debug] [2018-12-30T03:12:24.411Z] ----------------------------------------------------------------------
[debug] 
[debug] [2018-12-30T03:12:24.418Z] > command requires scopes: ["email","openid","https://www.googleapis.com/auth/cloudplatformprojects.readonly","https://www.googleapis.com/auth/firebase","https://www.googleapis.com/auth/cloud-platform"]
[debug] [2018-12-30T03:12:24.418Z] > authorizing via signed-in user
[debug] [2018-12-30T03:12:24.419Z] [iam] checking project swag-distributor for permissions ["firebase.projects.get"]
[debug] [2018-12-30T03:12:24.420Z] >>> HTTP REQUEST POST https://cloudresourcemanager.googleapis.com/v1/projects/swag-distributor:testIamPermissions  

[debug] [2018-12-30T03:12:24.754Z] <<< HTTP RESPONSE 200
[info] i  functions: Preparing to emulate functions.
[debug] [2018-12-30T03:12:25.216Z] Fetching environment
[debug] [2018-12-30T03:12:25.218Z] >>> HTTP REQUEST GET https://cloudresourcemanager.googleapis.com/v1/projects/swag-distributor  
 
[debug] [2018-12-30T03:12:25.506Z] <<< HTTP RESPONSE 200
[debug] [2018-12-30T03:12:25.507Z] >>> HTTP REQUEST GET https://mobilesdk-pa.googleapis.com/v1/projects/783250245080:getServerAppConfig  
 
[debug] [2018-12-30T03:12:25.667Z] <<< HTTP RESPONSE 200
[debug] [2018-12-30T03:12:25.668Z] Starting @google-cloud/functions-emulator
[debug] [2018-12-30T03:12:26.732Z] Parsing function triggers
[info] ✔  functions: helloWorld
